[2024-03-17 14:36:25] local.ERROR: Vite manifest not found at: D:\File Kuliah\KULIAH SEMESTER 8\Pemrograman Framework\Week 4\Week 4\praktikum_week4\public\build/manifest.json {"view":{"view":"D:\\File Kuliah\\KULIAH SEMESTER 8\\Pemrograman Framework\\Week 4\\Week 4\\praktikum_week4\\resources\\views\\welcome.blade.php","data":{"errors":"<pre class=sf-dump id=sf-dump-1668195989 data-indent-pad=\"  \"><span class=sf-dump-note>Illuminate\\Support\\ViewErrorBag</span> {<a class=sf-dump-ref>#286</a><samp data-depth=1 class=sf-dump-expanded>
  #<span class=sf-dump-protected title=\"Protected property\">bags</span>: []
</samp>}
</pre><script>Sfdump(\"sf-dump-1668195989\", {\"maxDepth\":3,\"maxStringLength\":160})</script>
"}},"exception":"[object] (Spatie\\LaravelIgnition\\Exceptions\\ViewException(code: 0): Vite manifest not found at: D:\\File Kuliah\\KULIAH SEMESTER 8\\Pemrograman Framework\\Week 4\\Week 4\\praktikum_week4\\public\\build/manifest.json at D:\\File Kuliah\\KULIAH SEMESTER 8\\Pemrograman Framework\\Week 4\\Week 4\\praktikum_week4\\vendor\\laravel\\framework\\src\\Illuminate\\Foundation\\Vite.php:728)
[stacktrace]
#0 D:\\File Kuliah\\KULIAH SEMESTER 8\\Pemrograman Framework\\Week 4\\Week 4\\praktikum_week4\\vendor\\laravel\\framework\\src\\Illuminate\\Foundation\\Vite.php(293): Illuminate\\Foundation\\Vite->manifest('build')
#1 D:\\File Kuliah\\KULIAH SEMESTER 8\\Pemrograman Framework\\Week 4\\Week 4\\praktikum_week4\\resources\\views\\welcome.blade.php(10): Illuminate\\Foundation\\Vite->__invoke(Object(Illuminate\\Support\\Collection))
#2 D:\\File Kuliah\\KULIAH SEMESTER 8\\Pemrograman Framework\\Week 4\\Week 4\\praktikum_week4\\vendor\\laravel\\framework\\src\\Illuminate\\Filesystem\\Filesystem.php(123): require('D:\\\\File Kuliah\\\\...')
#3 D:\\File Kuliah\\KULIAH SEMESTER 8\\Pemrograman Framework\\Week 4\\Week 4\\praktikum_week4\\vendor\\laravel\\framework\\src\\Illuminate\\Filesystem\\Filesystem.php(124): Illuminate\\Filesystem\\Filesystem::Illuminate\\Filesystem\\{closure}()
#4 D:\\File Kuliah\\KULIAH SEMESTER 8\\Pemrograman Framework\\Week 4\\Week 4\\praktikum_week4\\vendor\\laravel\\framework\\src\\Illuminate\\View\\Engines\\PhpEngine.php(58): Illuminate\\Filesystem\\Filesystem->getRequire('D:\\\\File Kuliah\\\\...', Array)
#5 D:\\File Kuliah\\KULIAH SEMESTER 8\\Pemrograman Framework\\Week 4\\Week 4\\praktikum_week4\\vendor\\laravel\\framework\\src\\Illuminate\\View\\Engines\\CompilerEngine.php(73): Illuminate\\View\\Engines\\PhpEngine->evaluatePath('D:\\\\File Kuliah\\\\...', Array)
#6 D:\\File Kuliah\\KULIAH SEMESTER 8\\Pemrograman Framework\\Week 4\\Week 4\\praktikum_week4\\vendor\\laravel\\framework\\src\\Illuminate\\View\\View.php(208): Illuminate\\View\\Engines\\CompilerEngine->get('D:\\\\File Kuliah\\\\...', Array)
#7 D:\\File Kuliah\\KULIAH SEMESTER 8\\Pemrograman Framework\\Week 4\\Week 4\\praktikum_week4\\vendor\\laravel\\framework\\src\\Illuminate\\View\\View.php(191): Illuminate\\View\\View->getContents()
#8 D:\\File Kuliah\\KULIAH SEMESTER 8\\Pemrograman Framework\\Week 4\\Week 4\\praktikum_week4\\vendor\\laravel\\framework\\src\\Illuminate\\View\\View.php(160): Illuminate\\View\\View->renderContents()
#9 D:\\File Kuliah\\KULIAH SEMESTER 8\\Pemrograman Framework\\Week 4\\Week 4\\praktikum_week4\\vendor\\laravel\\framework\\src\\Illuminate\\Http\\Response.php(70): Illuminate\\View\\View->render()
#10 D:\\File Kuliah\\KULIAH SEMESTER 8\\Pemrograman Framework\\Week 4\\Week 4\\praktikum_week4\\vendor\\laravel\\framework\\src\\Illuminate\\Http\\Response.php(35): Illuminate\\Http\\Response->setContent(Object(Illuminate\\View\\View))
#11 D:\\File Kuliah\\KULIAH SEMESTER 8\\Pemrograman Framework\\Week 4\\Week 4\\praktikum_week4\\vendor\\laravel\\framework\\src\\Illuminate\\Routing\\Router.php(918): Illuminate\\Http\\Response->__construct(Object(Illuminate\\View\\View), 200, Array)
#12 D:\\File Kuliah\\KULIAH SEMESTER 8\\Pemrograman Framework\\Week 4\\Week 4\\praktikum_week4\\vendor\\laravel\\framework\\src\\Illuminate\\Routing\\Router.php(885): Illuminate\\Routing\\Router::toResponse(Object(Illuminate\\Http\\Request), Object(Illuminate\\View\\View))
#13 D:\\File Kuliah\\KULIAH SEMESTER 8\\Pemrograman Framework\\Week 4\\Week 4\\praktikum_week4\\vendor\\laravel\\framework\\src\\Illuminate\\Routing\\Router.php(805): Illuminate\\Routing\\Router->prepareResponse(Object(Illuminate\\Http\\Request), Object(Illuminate\\View\\View))
#14 D:\\File Kuliah\\KULIAH SEMESTER 8\\Pemrograman Framework\\Week 4\\Week 4\\praktikum_week4\\vendor\\laravel\\framework\\src\\Illuminate\\Pipeline\\Pipeline.php(144): Illuminate\\Routing\\Router->Illuminate\\Routing\\{closure}(Object(Illuminate\\Http\\Request))
#15 D:\\File Kuliah\\KULIAH SEMESTER 8\\Pemrograman Framework\\Week 4\\Week 4\\praktikum_week4\\vendor\\laravel\\framework\\src\\Illuminate\\Routing\\Middleware\\SubstituteBindings.php(50): Illuminate\\Pipeline\\Pipeline->Illuminate\\Pipeline\\{closure}(Object(Illuminate\\Http\\Request))
#16 D:\\File Kuliah\\KULIAH SEMESTER 8\\Pemrograman Framework\\Week 4\\Week 4\\praktikum_week4\\vendor\\laravel\\framework\\src\\Illuminate\\Pipeline\\Pipeline.php(183): Illuminate\\Routing\\Middleware\\SubstituteBindings->handle(Object(Illuminate\\Http\\Request), Object(Closure))
#17 D:\\File Kuliah\\KULIAH SEMESTER 8\\Pemrograman Framework\\Week 4\\Week 4\\praktikum_week4\\vendor\\laravel\\framework\\src\\Illuminate\\Foundation\\Http\\Middleware\\VerifyCsrfToken.php(81): Illuminate\\Pipeline\\Pipeline->Illuminate\\Pipeline\\{closure}(Object(Illuminate\\Http\\Request))
#18 D:\\File Kuliah\\KULIAH SEMESTER 8\\Pemrograman Framework\\Week 4\\Week 4\\praktikum_week4\\vendor\\laravel\\framework\\src\\Illuminate\\Pipeline\\Pipeline.php(183): Illuminate\\Foundation\\Http\\Middleware\\VerifyCsrfToken->handle(Object(Illuminate\\Http\\Request), Object(Closure))
#19 D:\\File Kuliah\\KULIAH SEMESTER 8\\Pemrograman Framework\\Week 4\\Week 4\\praktikum_week4\\vendor\\laravel\\framework\\src\\Illuminate\\View\\Middleware\\ShareErrorsFromSession.php(49): Illuminate\\Pipeline\\Pipeline->Illuminate\\Pipeline\\{closure}(Object(Illuminate\\Http\\Request))
#20 D:\\File Kuliah\\KULIAH SEMESTER 8\\Pemrograman Framework\\Week 4\\Week 4\\praktikum_week4\\vendor\\laravel\\framework\\src\\Illuminate\\Pipeline\\Pipeline.php(183): Illuminate\\View\\Middleware\\ShareErrorsFromSession->handle(Object(Illuminate\\Http\\Request), Object(Closure))
#21 D:\\File Kuliah\\KULIAH SEMESTER 8\\Pemrograman Framework\\Week 4\\Week 4\\praktikum_week4\\vendor\\laravel\\framework\\src\\Illuminate\\Session\\Middleware\\StartSession.php(121): Illuminate\\Pipeline\\Pipeline->Illuminate\\Pipeline\\{closure}(Object(Illuminate\\Http\\Request))
#22 D:\\File Kuliah\\KULIAH SEMESTER 8\\Pemrograman Framework\\Week 4\\Week 4\\praktikum_week4\\vendor\\laravel\\framework\\src\\Illuminate\\Session\\Middleware\\StartSession.php(64): Illuminate\\Session\\Middleware\\StartSession->handleStatefulRequest(Object(Illuminate\\Http\\Request), Object(Illuminate\\Session\\Store), Object(Closure))
#23 D:\\File Kuliah\\KULIAH SEMESTER 8\\Pemrograman Framework\\Week 4\\Week 4\\praktikum_week4\\vendor\\laravel\\framework\\src\\Illuminate\\Pipeline\\Pipeline.php(183): Illuminate\\Session\\Middleware\\StartSession->handle(Object(Illuminate\\Http\\Request), Object(Closure))
#24 D:\\File Kuliah\\KULIAH SEMESTER 8\\Pemrograman Framework\\Week 4\\Week 4\\praktikum_week4\\vendor\\laravel\\framework\\src\\Illuminate\\Cookie\\Middleware\\AddQueuedCookiesToResponse.php(37): Illuminate\\Pipeline\\Pipeline->Illuminate\\Pipeline\\{closure}(Object(Illuminate\\Http\\Request))
#25 D:\\File Kuliah\\KULIAH SEMESTER 8\\Pemrograman Framework\\Week 4\\Week 4\\praktikum_week4\\vendor\\laravel\\framework\\src\\Illuminate\\Pipeline\\Pipeline.php(183): Illuminate\\Cookie\\Middleware\\AddQueuedCookiesToResponse->handle(Object(Illuminate\\Http\\Request), Object(Closure))
#26 D:\\File Kuliah\\KULIAH SEMESTER 8\\Pemrograman Framework\\Week 4\\Week 4\\praktikum_week4\\vendor\\laravel\\framework\\src\\Illuminate\\Cookie\\Middleware\\EncryptCookies.php(75): Illuminate\\Pipeline\\Pipeline->Illuminate\\Pipeline\\{closure}(Object(Illuminate\\Http\\Request))
#27 D:\\File Kuliah\\KULIAH SEMESTER 8\\Pemrograman Framework\\Week 4\\Week 4\\praktikum_week4\\vendor\\laravel\\framework\\src\\Illuminate\\Pipeline\\Pipeline.php(183): Illuminate\\Cookie\\Middleware\\EncryptCookies->handle(Object(Illuminate\\Http\\Request), Object(Closure))
#28 D:\\File Kuliah\\KULIAH SEMESTER 8\\Pemrograman Framework\\Week 4\\Week 4\\praktikum_week4\\vendor\\laravel\\framework\\src\\Illuminate\\Pipeline\\Pipeline.php(119): Illuminate\\Pipeline\\Pipeline->Illuminate\\Pipeline\\{closure}(Object(Illuminate\\Http\\Request))
#29 D:\\File Kuliah\\KULIAH SEMESTER 8\\Pemrograman Framework\\Week 4\\Week 4\\praktikum_week4\\vendor\\laravel\\framework\\src\\Illuminate\\Routing\\Router.php(805): Illuminate\\Pipeline\\Pipeline->then(Object(Closure))
#30 D:\\File Kuliah\\KULIAH SEMESTER 8\\Pemrograman Framework\\Week 4\\Week 4\\praktikum_week4\\vendor\\laravel\\framework\\src\\Illuminate\\Routing\\Router.php(784): Illuminate\\Routing\\Router->runRouteWithinStack(Object(Illuminate\\Routing\\Route), Object(Illuminate\\Http\\Request))
#31 D:\\File Kuliah\\KULIAH SEMESTER 8\\Pemrograman Framework\\Week 4\\Week 4\\praktikum_week4\\vendor\\laravel\\framework\\src\\Illuminate\\Routing\\Router.php(748): Illuminate\\Routing\\Router->runRoute(Object(Illuminate\\Http\\Request), Object(Illuminate\\Routing\\Route))
#32 D:\\File Kuliah\\KULIAH SEMESTER 8\\Pemrograman Framework\\Week 4\\Week 4\\praktikum_week4\\vendor\\laravel\\framework\\src\\Illuminate\\Routing\\Router.php(737): Illuminate\\Routing\\Router->dispatchToRoute(Object(Illuminate\\Http\\Request))
#33 D:\\File Kuliah\\KULIAH SEMESTER 8\\Pemrograman Framework\\Week 4\\Week 4\\praktikum_week4\\vendor\\laravel\\framework\\src\\Illuminate\\Foundation\\Http\\Kernel.php(200): Illuminate\\Routing\\Router->dispatch(Object(Illuminate\\Http\\Request))
#34 D:\\File Kuliah\\KULIAH SEMESTER 8\\Pemrograman Framework\\Week 4\\Week 4\\praktikum_week4\\vendor\\laravel\\framework\\src\\Illuminate\\Pipeline\\Pipeline.php(144): Illuminate\\Foundation\\Http\\Kernel->Illuminate\\Foundation\\Http\\{closure}(Object(Illuminate\\Http\\Request))
#35 D:\\File Kuliah\\KULIAH SEMESTER 8\\Pemrograman Framework\\Week 4\\Week 4\\praktikum_week4\\vendor\\laravel\\framework\\src\\Illuminate\\Foundation\\Http\\Middleware\\TransformsRequest.php(21): Illuminate\\Pipeline\\Pipeline->Illuminate\\Pipeline\\{closure}(Object(Illuminate\\Http\\Request))
#36 D:\\File Kuliah\\KULIAH SEMESTER 8\\Pemrograman Framework\\Week 4\\Week 4\\praktikum_week4\\vendor\\laravel\\framework\\src\\Illuminate\\Foundation\\Http\\Middleware\\ConvertEmptyStringsToNull.php(31): Illuminate\\Foundation\\Http\\Middleware\\TransformsRequest->handle(Object(Illuminate\\Http\\Request), Object(Closure))
#37 D:\\File Kuliah\\KULIAH SEMESTER 8\\Pemrograman Framework\\Week 4\\Week 4\\praktikum_week4\\vendor\\laravel\\framework\\src\\Illuminate\\Pipeline\\Pipeline.php(183): Illuminate\\Foundation\\Http\\Middleware\\ConvertEmptyStringsToNull->handle(Object(Illuminate\\Http\\Request), Object(Closure))
#38 D:\\File Kuliah\\KULIAH SEMESTER 8\\Pemrograman Framework\\Week 4\\Week 4\\praktikum_week4\\vendor\\laravel\\framework\\src\\Illuminate\\Foundation\\Http\\Middleware\\TransformsRequest.php(21): Illuminate\\Pipeline\\Pipeline->Illuminate\\Pipeline\\{closure}(Object(Illuminate\\Http\\Request))
#39 D:\\File Kuliah\\KULIAH SEMESTER 8\\Pemrograman Framework\\Week 4\\Week 4\\praktikum_week4\\vendor\\laravel\\framework\\src\\Illuminate\\Foundation\\Http\\Middleware\\TrimStrings.php(50): Illuminate\\Foundation\\Http\\Middleware\\TransformsRequest->handle(Object(Illuminate\\Http\\Request), Object(Closure))
#40 D:\\File Kuliah\\KULIAH SEMESTER 8\\Pemrograman Framework\\Week 4\\Week 4\\praktikum_week4\\vendor\\laravel\\framework\\src\\Illuminate\\Pipeline\\Pipeline.php(183): Illuminate\\Foundation\\Http\\Middleware\\TrimStrings->handle(Object(Illuminate\\Http\\Request), Object(Closure))
#41 D:\\File Kuliah\\KULIAH SEMESTER 8\\Pemrograman Framework\\Week 4\\Week 4\\praktikum_week4\\vendor\\laravel\\framework\\src\\Illuminate\\Http\\Middleware\\ValidatePostSize.php(27): Illuminate\\Pipeline\\Pipeline->Illuminate\\Pipeline\\{closure}(Object(Illuminate\\Http\\Request))
#42 D:\\File Kuliah\\KULIAH SEMESTER 8\\Pemrograman Framework\\Week 4\\Week 4\\praktikum_week4\\vendor\\laravel\\framework\\src\\Illuminate\\Pipeline\\Pipeline.php(183): Illuminate\\Http\\Middleware\\ValidatePostSize->handle(Object(Illuminate\\Http\\Request), Object(Closure))
#43 D:\\File Kuliah\\KULIAH SEMESTER 8\\Pemrograman Framework\\Week 4\\Week 4\\praktikum_week4\\vendor\\laravel\\framework\\src\\Illuminate\\Foundation\\Http\\Middleware\\PreventRequestsDuringMaintenance.php(103): Illuminate\\Pipeline\\Pipeline->Illuminate\\Pipeline\\{closure}(Object(Illuminate\\Http\\Request))
#44 D:\\File Kuliah\\KULIAH SEMESTER 8\\Pemrograman Framework\\Week 4\\Week 4\\praktikum_week4\\vendor\\laravel\\framework\\src\\Illuminate\\Pipeline\\Pipeline.php(183): Illuminate\\Foundation\\Http\\Middleware\\PreventRequestsDuringMaintenance->handle(Object(Illuminate\\Http\\Request), Object(Closure))
#45 D:\\File Kuliah\\KULIAH SEMESTER 8\\Pemrograman Framework\\Week 4\\Week 4\\praktikum_week4\\vendor\\laravel\\framework\\src\\Illuminate\\Http\\Middleware\\HandleCors.php(49): Illuminate\\Pipeline\\Pipeline->Illuminate\\Pipeline\\{closure}(Object(Illuminate\\Http\\Request))
#46 D:\\File Kuliah\\KULIAH SEMESTER 8\\Pemrograman Framework\\Week 4\\Week 4\\praktikum_week4\\vendor\\laravel\\framework\\src\\Illuminate\\Pipeline\\Pipeline.php(183): Illuminate\\Http\\Middleware\\HandleCors->handle(Object(Illuminate\\Http\\Request), Object(Closure))
#47 D:\\File Kuliah\\KULIAH SEMESTER 8\\Pemrograman Framework\\Week 4\\Week 4\\praktikum_week4\\vendor\\laravel\\framework\\src\\Illuminate\\Http\\Middleware\\TrustProxies.php(57): Illuminate\\Pipeline\\Pipeline->Illuminate\\Pipeline\\{closure}(Object(Illuminate\\Http\\Request))
#48 D:\\File Kuliah\\KULIAH SEMESTER 8\\Pemrograman Framework\\Week 4\\Week 4\\praktikum_week4\\vendor\\laravel\\framework\\src\\Illuminate\\Pipeline\\Pipeline.php(183): Illuminate\\Http\\Middleware\\TrustProxies->handle(Object(Illuminate\\Http\\Request), Object(Closure))
#49 D:\\File Kuliah\\KULIAH SEMESTER 8\\Pemrograman Framework\\Week 4\\Week 4\\praktikum_week4\\vendor\\laravel\\framework\\src\\Illuminate\\Pipeline\\Pipeline.php(119): Illuminate\\Pipeline\\Pipeline->Illuminate\\Pipeline\\{closure}(Object(Illuminate\\Http\\Request))
#50 D:\\File Kuliah\\KULIAH SEMESTER 8\\Pemrograman Framework\\Week 4\\Week 4\\praktikum_week4\\vendor\\laravel\\framework\\src\\Illuminate\\Foundation\\Http\\Kernel.php(175): Illuminate\\Pipeline\\Pipeline->then(Object(Closure))
#51 D:\\File Kuliah\\KULIAH SEMESTER 8\\Pemrograman Framework\\Week 4\\Week 4\\praktikum_week4\\vendor\\laravel\\framework\\src\\Illuminate\\Foundation\\Http\\Kernel.php(144): Illuminate\\Foundation\\Http\\Kernel->sendRequestThroughRouter(Object(Illuminate\\Http\\Request))
#52 D:\\File Kuliah\\KULIAH SEMESTER 8\\Pemrograman Framework\\Week 4\\Week 4\\praktikum_week4\\vendor\\laravel\\framework\\src\\Illuminate\\Foundation\\Application.php(1168): Illuminate\\Foundation\\Http\\Kernel->handle(Object(Illuminate\\Http\\Request))
#53 D:\\File Kuliah\\KULIAH SEMESTER 8\\Pemrograman Framework\\Week 4\\Week 4\\praktikum_week4\\public\\index.php(17): Illuminate\\Foundation\\Application->handleRequest(Object(Illuminate\\Http\\Request))
#54 D:\\File Kuliah\\KULIAH SEMESTER 8\\Pemrograman Framework\\Week 4\\Week 4\\praktikum_week4\\vendor\\laravel\\framework\\src\\Illuminate\\Foundation\\resources\\server.php(16): require_once('D:\\\\File Kuliah\\\\...')
#55 {main}

[previous exception] [object] (Illuminate\\Foundation\\ViteManifestNotFoundException(code: 0): Vite manifest not found at: D:\\File Kuliah\\KULIAH SEMESTER 8\\Pemrograman Framework\\Week 4\\Week 4\\praktikum_week4\\public\\build/manifest.json at D:\\File Kuliah\\KULIAH SEMESTER 8\\Pemrograman Framework\\Week 4\\Week 4\\praktikum_week4\\vendor\\laravel\\framework\\src\\Illuminate\\Foundation\\Vite.php:728)
[stacktrace]
#0 D:\\File Kuliah\\KULIAH SEMESTER 8\\Pemrograman Framework\\Week 4\\Week 4\\praktikum_week4\\vendor\\laravel\\framework\\src\\Illuminate\\Foundation\\Vite.php(293): Illuminate\\Foundation\\Vite->manifest('build')
#1 D:\\File Kuliah\\KULIAH SEMESTER 8\\Pemrograman Framework\\Week 4\\Week 4\\praktikum_week4\\storage\\framework\\views\\381f5374f0434cd2a88943b13ddc885b.php(10): Illuminate\\Foundation\\Vite->__invoke(Object(Illuminate\\Support\\Collection))
#2 D:\\File Kuliah\\KULIAH SEMESTER 8\\Pemrograman Framework\\Week 4\\Week 4\\praktikum_week4\\vendor\\laravel\\framework\\src\\Illuminate\\Filesystem\\Filesystem.php(123): require('D:\\\\File Kuliah\\\\...')
#3 D:\\File Kuliah\\KULIAH SEMESTER 8\\Pemrograman Framework\\Week 4\\Week 4\\praktikum_week4\\vendor\\laravel\\framework\\src\\Illuminate\\Filesystem\\Filesystem.php(124): Illuminate\\Filesystem\\Filesystem::Illuminate\\Filesystem\\{closure}()
#4 D:\\File Kuliah\\KULIAH SEMESTER 8\\Pemrograman Framework\\Week 4\\Week 4\\praktikum_week4\\vendor\\laravel\\framework\\src\\Illuminate\\View\\Engines\\PhpEngine.php(58): Illuminate\\Filesystem\\Filesystem->getRequire('D:\\\\File Kuliah\\\\...', Array)
#5 D:\\File Kuliah\\KULIAH SEMESTER 8\\Pemrograman Framework\\Week 4\\Week 4\\praktikum_week4\\vendor\\laravel\\framework\\src\\Illuminate\\View\\Engines\\CompilerEngine.php(73): Illuminate\\View\\Engines\\PhpEngine->evaluatePath('D:\\\\File Kuliah\\\\...', Array)
#6 D:\\File Kuliah\\KULIAH SEMESTER 8\\Pemrograman Framework\\Week 4\\Week 4\\praktikum_week4\\vendor\\laravel\\framework\\src\\Illuminate\\View\\View.php(208): Illuminate\\View\\Engines\\CompilerEngine->get('D:\\\\File Kuliah\\\\...', Array)
#7 D:\\File Kuliah\\KULIAH SEMESTER 8\\Pemrograman Framework\\Week 4\\Week 4\\praktikum_week4\\vendor\\laravel\\framework\\src\\Illuminate\\View\\View.php(191): Illuminate\\View\\View->getContents()
#8 D:\\File Kuliah\\KULIAH SEMESTER 8\\Pemrograman Framework\\Week 4\\Week 4\\praktikum_week4\\vendor\\laravel\\framework\\src\\Illuminate\\View\\View.php(160): Illuminate\\View\\View->renderContents()
#9 D:\\File Kuliah\\KULIAH SEMESTER 8\\Pemrograman Framework\\Week 4\\Week 4\\praktikum_week4\\vendor\\laravel\\framework\\src\\Illuminate\\Http\\Response.php(70): Illuminate\\View\\View->render()
#10 D:\\File Kuliah\\KULIAH SEMESTER 8\\Pemrograman Framework\\Week 4\\Week 4\\praktikum_week4\\vendor\\laravel\\framework\\src\\Illuminate\\Http\\Response.php(35): Illuminate\\Http\\Response->setContent(Object(Illuminate\\View\\View))
#11 D:\\File Kuliah\\KULIAH SEMESTER 8\\Pemrograman Framework\\Week 4\\Week 4\\praktikum_week4\\vendor\\laravel\\framework\\src\\Illuminate\\Routing\\Router.php(918): Illuminate\\Http\\Response->__construct(Object(Illuminate\\View\\View), 200, Array)
#12 D:\\File Kuliah\\KULIAH SEMESTER 8\\Pemrograman Framework\\Week 4\\Week 4\\praktikum_week4\\vendor\\laravel\\framework\\src\\Illuminate\\Routing\\Router.php(885): Illuminate\\Routing\\Router::toResponse(Object(Illuminate\\Http\\Request), Object(Illuminate\\View\\View))
#13 D:\\File Kuliah\\KULIAH SEMESTER 8\\Pemrograman Framework\\Week 4\\Week 4\\praktikum_week4\\vendor\\laravel\\framework\\src\\Illuminate\\Routing\\Router.php(805): Illuminate\\Routing\\Router->prepareResponse(Object(Illuminate\\Http\\Request), Object(Illuminate\\View\\View))
#14 D:\\File Kuliah\\KULIAH SEMESTER 8\\Pemrograman Framework\\Week 4\\Week 4\\praktikum_week4\\vendor\\laravel\\framework\\src\\Illuminate\\Pipeline\\Pipeline.php(144): Illuminate\\Routing\\Router->Illuminate\\Routing\\{closure}(Object(Illuminate\\Http\\Request))
#15 D:\\File Kuliah\\KULIAH SEMESTER 8\\Pemrograman Framework\\Week 4\\Week 4\\praktikum_week4\\vendor\\laravel\\framework\\src\\Illuminate\\Routing\\Middleware\\SubstituteBindings.php(50): Illuminate\\Pipeline\\Pipeline->Illuminate\\Pipeline\\{closure}(Object(Illuminate\\Http\\Request))
#16 D:\\File Kuliah\\KULIAH SEMESTER 8\\Pemrograman Framework\\Week 4\\Week 4\\praktikum_week4\\vendor\\laravel\\framework\\src\\Illuminate\\Pipeline\\Pipeline.php(183): Illuminate\\Routing\\Middleware\\SubstituteBindings->handle(Object(Illuminate\\Http\\Request), Object(Closure))
#17 D:\\File Kuliah\\KULIAH SEMESTER 8\\Pemrograman Framework\\Week 4\\Week 4\\praktikum_week4\\vendor\\laravel\\framework\\src\\Illuminate\\Foundation\\Http\\Middleware\\VerifyCsrfToken.php(81): Illuminate\\Pipeline\\Pipeline->Illuminate\\Pipeline\\{closure}(Object(Illuminate\\Http\\Request))
#18 D:\\File Kuliah\\KULIAH SEMESTER 8\\Pemrograman Framework\\Week 4\\Week 4\\praktikum_week4\\vendor\\laravel\\framework\\src\\Illuminate\\Pipeline\\Pipeline.php(183): Illuminate\\Foundation\\Http\\Middleware\\VerifyCsrfToken->handle(Object(Illuminate\\Http\\Request), Object(Closure))
#19 D:\\File Kuliah\\KULIAH SEMESTER 8\\Pemrograman Framework\\Week 4\\Week 4\\praktikum_week4\\vendor\\laravel\\framework\\src\\Illuminate\\View\\Middleware\\ShareErrorsFromSession.php(49): Illuminate\\Pipeline\\Pipeline->Illuminate\\Pipeline\\{closure}(Object(Illuminate\\Http\\Request))
#20 D:\\File Kuliah\\KULIAH SEMESTER 8\\Pemrograman Framework\\Week 4\\Week 4\\praktikum_week4\\vendor\\laravel\\framework\\src\\Illuminate\\Pipeline\\Pipeline.php(183): Illuminate\\View\\Middleware\\ShareErrorsFromSession->handle(Object(Illuminate\\Http\\Request), Object(Closure))
#21 D:\\File Kuliah\\KULIAH SEMESTER 8\\Pemrograman Framework\\Week 4\\Week 4\\praktikum_week4\\vendor\\laravel\\framework\\src\\Illuminate\\Session\\Middleware\\StartSession.php(121): Illuminate\\Pipeline\\Pipeline->Illuminate\\Pipeline\\{closure}(Object(Illuminate\\Http\\Request))
#22 D:\\File Kuliah\\KULIAH SEMESTER 8\\Pemrograman Framework\\Week 4\\Week 4\\praktikum_week4\\vendor\\laravel\\framework\\src\\Illuminate\\Session\\Middleware\\StartSession.php(64): Illuminate\\Session\\Middleware\\StartSession->handleStatefulRequest(Object(Illuminate\\Http\\Request), Object(Illuminate\\Session\\Store), Object(Closure))
#23 D:\\File Kuliah\\KULIAH SEMESTER 8\\Pemrograman Framework\\Week 4\\Week 4\\praktikum_week4\\vendor\\laravel\\framework\\src\\Illuminate\\Pipeline\\Pipeline.php(183): Illuminate\\Session\\Middleware\\StartSession->handle(Object(Illuminate\\Http\\Request), Object(Closure))
#24 D:\\File Kuliah\\KULIAH SEMESTER 8\\Pemrograman Framework\\Week 4\\Week 4\\praktikum_week4\\vendor\\laravel\\framework\\src\\Illuminate\\Cookie\\Middleware\\AddQueuedCookiesToResponse.php(37): Illuminate\\Pipeline\\Pipeline->Illuminate\\Pipeline\\{closure}(Object(Illuminate\\Http\\Request))
#25 D:\\File Kuliah\\KULIAH SEMESTER 8\\Pemrograman Framework\\Week 4\\Week 4\\praktikum_week4\\vendor\\laravel\\framework\\src\\Illuminate\\Pipeline\\Pipeline.php(183): Illuminate\\Cookie\\Middleware\\AddQueuedCookiesToResponse->handle(Object(Illuminate\\Http\\Request), Object(Closure))
#26 D:\\File Kuliah\\KULIAH SEMESTER 8\\Pemrograman Framework\\Week 4\\Week 4\\praktikum_week4\\vendor\\laravel\\framework\\src\\Illuminate\\Cookie\\Middleware\\EncryptCookies.php(75): Illuminate\\Pipeline\\Pipeline->Illuminate\\Pipeline\\{closure}(Object(Illuminate\\Http\\Request))
#27 D:\\File Kuliah\\KULIAH SEMESTER 8\\Pemrograman Framework\\Week 4\\Week 4\\praktikum_week4\\vendor\\laravel\\framework\\src\\Illuminate\\Pipeline\\Pipeline.php(183): Illuminate\\Cookie\\Middleware\\EncryptCookies->handle(Object(Illuminate\\Http\\Request), Object(Closure))
#28 D:\\File Kuliah\\KULIAH SEMESTER 8\\Pemrograman Framework\\Week 4\\Week 4\\praktikum_week4\\vendor\\laravel\\framework\\src\\Illuminate\\Pipeline\\Pipeline.php(119): Illuminate\\Pipeline\\Pipeline->Illuminate\\Pipeline\\{closure}(Object(Illuminate\\Http\\Request))
#29 D:\\File Kuliah\\KULIAH SEMESTER 8\\Pemrograman Framework\\Week 4\\Week 4\\praktikum_week4\\vendor\\laravel\\framework\\src\\Illuminate\\Routing\\Router.php(805): Illuminate\\Pipeline\\Pipeline->then(Object(Closure))
#30 D:\\File Kuliah\\KULIAH SEMESTER 8\\Pemrograman Framework\\Week 4\\Week 4\\praktikum_week4\\vendor\\laravel\\framework\\src\\Illuminate\\Routing\\Router.php(784): Illuminate\\Routing\\Router->runRouteWithinStack(Object(Illuminate\\Routing\\Route), Object(Illuminate\\Http\\Request))
#31 D:\\File Kuliah\\KULIAH SEMESTER 8\\Pemrograman Framework\\Week 4\\Week 4\\praktikum_week4\\vendor\\laravel\\framework\\src\\Illuminate\\Routing\\Router.php(748): Illuminate\\Routing\\Router->runRoute(Object(Illuminate\\Http\\Request), Object(Illuminate\\Routing\\Route))
#32 D:\\File Kuliah\\KULIAH SEMESTER 8\\Pemrograman Framework\\Week 4\\Week 4\\praktikum_week4\\vendor\\laravel\\framework\\src\\Illuminate\\Routing\\Router.php(737): Illuminate\\Routing\\Router->dispatchToRoute(Object(Illuminate\\Http\\Request))
#33 D:\\File Kuliah\\KULIAH SEMESTER 8\\Pemrograman Framework\\Week 4\\Week 4\\praktikum_week4\\vendor\\laravel\\framework\\src\\Illuminate\\Foundation\\Http\\Kernel.php(200): Illuminate\\Routing\\Router->dispatch(Object(Illuminate\\Http\\Request))
#34 D:\\File Kuliah\\KULIAH SEMESTER 8\\Pemrograman Framework\\Week 4\\Week 4\\praktikum_week4\\vendor\\laravel\\framework\\src\\Illuminate\\Pipeline\\Pipeline.php(144): Illuminate\\Foundation\\Http\\Kernel->Illuminate\\Foundation\\Http\\{closure}(Object(Illuminate\\Http\\Request))
#35 D:\\File Kuliah\\KULIAH SEMESTER 8\\Pemrograman Framework\\Week 4\\Week 4\\praktikum_week4\\vendor\\laravel\\framework\\src\\Illuminate\\Foundation\\Http\\Middleware\\TransformsRequest.php(21): Illuminate\\Pipeline\\Pipeline->Illuminate\\Pipeline\\{closure}(Object(Illuminate\\Http\\Request))
#36 D:\\File Kuliah\\KULIAH SEMESTER 8\\Pemrograman Framework\\Week 4\\Week 4\\praktikum_week4\\vendor\\laravel\\framework\\src\\Illuminate\\Foundation\\Http\\Middleware\\ConvertEmptyStringsToNull.php(31): Illuminate\\Foundation\\Http\\Middleware\\TransformsRequest->handle(Object(Illuminate\\Http\\Request), Object(Closure))
#37 D:\\File Kuliah\\KULIAH SEMESTER 8\\Pemrograman Framework\\Week 4\\Week 4\\praktikum_week4\\vendor\\laravel\\framework\\src\\Illuminate\\Pipeline\\Pipeline.php(183): Illuminate\\Foundation\\Http\\Middleware\\ConvertEmptyStringsToNull->handle(Object(Illuminate\\Http\\Request), Object(Closure))
#38 D:\\File Kuliah\\KULIAH SEMESTER 8\\Pemrograman Framework\\Week 4\\Week 4\\praktikum_week4\\vendor\\laravel\\framework\\src\\Illuminate\\Foundation\\Http\\Middleware\\TransformsRequest.php(21): Illuminate\\Pipeline\\Pipeline->Illuminate\\Pipeline\\{closure}(Object(Illuminate\\Http\\Request))
#39 D:\\File Kuliah\\KULIAH SEMESTER 8\\Pemrograman Framework\\Week 4\\Week 4\\praktikum_week4\\vendor\\laravel\\framework\\src\\Illuminate\\Foundation\\Http\\Middleware\\TrimStrings.php(50): Illuminate\\Foundation\\Http\\Middleware\\TransformsRequest->handle(Object(Illuminate\\Http\\Request), Object(Closure))
#40 D:\\File Kuliah\\KULIAH SEMESTER 8\\Pemrograman Framework\\Week 4\\Week 4\\praktikum_week4\\vendor\\laravel\\framework\\src\\Illuminate\\Pipeline\\Pipeline.php(183): Illuminate\\Foundation\\Http\\Middleware\\TrimStrings->handle(Object(Illuminate\\Http\\Request), Object(Closure))
#41 D:\\File Kuliah\\KULIAH SEMESTER 8\\Pemrograman Framework\\Week 4\\Week 4\\praktikum_week4\\vendor\\laravel\\framework\\src\\Illuminate\\Http\\Middleware\\ValidatePostSize.php(27): Illuminate\\Pipeline\\Pipeline->Illuminate\\Pipeline\\{closure}(Object(Illuminate\\Http\\Request))
#42 D:\\File Kuliah\\KULIAH SEMESTER 8\\Pemrograman Framework\\Week 4\\Week 4\\praktikum_week4\\vendor\\laravel\\framework\\src\\Illuminate\\Pipeline\\Pipeline.php(183): Illuminate\\Http\\Middleware\\ValidatePostSize->handle(Object(Illuminate\\Http\\Request), Object(Closure))
#43 D:\\File Kuliah\\KULIAH SEMESTER 8\\Pemrograman Framework\\Week 4\\Week 4\\praktikum_week4\\vendor\\laravel\\framework\\src\\Illuminate\\Foundation\\Http\\Middleware\\PreventRequestsDuringMaintenance.php(103): Illuminate\\Pipeline\\Pipeline->Illuminate\\Pipeline\\{closure}(Object(Illuminate\\Http\\Request))
#44 D:\\File Kuliah\\KULIAH SEMESTER 8\\Pemrograman Framework\\Week 4\\Week 4\\praktikum_week4\\vendor\\laravel\\framework\\src\\Illuminate\\Pipeline\\Pipeline.php(183): Illuminate\\Foundation\\Http\\Middleware\\PreventRequestsDuringMaintenance->handle(Object(Illuminate\\Http\\Request), Object(Closure))
#45 D:\\File Kuliah\\KULIAH SEMESTER 8\\Pemrograman Framework\\Week 4\\Week 4\\praktikum_week4\\vendor\\laravel\\framework\\src\\Illuminate\\Http\\Middleware\\HandleCors.php(49): Illuminate\\Pipeline\\Pipeline->Illuminate\\Pipeline\\{closure}(Object(Illuminate\\Http\\Request))
#46 D:\\File Kuliah\\KULIAH SEMESTER 8\\Pemrograman Framework\\Week 4\\Week 4\\praktikum_week4\\vendor\\laravel\\framework\\src\\Illuminate\\Pipeline\\Pipeline.php(183): Illuminate\\Http\\Middleware\\HandleCors->handle(Object(Illuminate\\Http\\Request), Object(Closure))
#47 D:\\File Kuliah\\KULIAH SEMESTER 8\\Pemrograman Framework\\Week 4\\Week 4\\praktikum_week4\\vendor\\laravel\\framework\\src\\Illuminate\\Http\\Middleware\\TrustProxies.php(57): Illuminate\\Pipeline\\Pipeline->Illuminate\\Pipeline\\{closure}(Object(Illuminate\\Http\\Request))
#48 D:\\File Kuliah\\KULIAH SEMESTER 8\\Pemrograman Framework\\Week 4\\Week 4\\praktikum_week4\\vendor\\laravel\\framework\\src\\Illuminate\\Pipeline\\Pipeline.php(183): Illuminate\\Http\\Middleware\\TrustProxies->handle(Object(Illuminate\\Http\\Request), Object(Closure))
#49 D:\\File Kuliah\\KULIAH SEMESTER 8\\Pemrograman Framework\\Week 4\\Week 4\\praktikum_week4\\vendor\\laravel\\framework\\src\\Illuminate\\Pipeline\\Pipeline.php(119): Illuminate\\Pipeline\\Pipeline->Illuminate\\Pipeline\\{closure}(Object(Illuminate\\Http\\Request))
#50 D:\\File Kuliah\\KULIAH SEMESTER 8\\Pemrograman Framework\\Week 4\\Week 4\\praktikum_week4\\vendor\\laravel\\framework\\src\\Illuminate\\Foundation\\Http\\Kernel.php(175): Illuminate\\Pipeline\\Pipeline->then(Object(Closure))
#51 D:\\File Kuliah\\KULIAH SEMESTER 8\\Pemrograman Framework\\Week 4\\Week 4\\praktikum_week4\\vendor\\laravel\\framework\\src\\Illuminate\\Foundation\\Http\\Kernel.php(144): Illuminate\\Foundation\\Http\\Kernel->sendRequestThroughRouter(Object(Illuminate\\Http\\Request))
#52 D:\\File Kuliah\\KULIAH SEMESTER 8\\Pemrograman Framework\\Week 4\\Week 4\\praktikum_week4\\vendor\\laravel\\framework\\src\\Illuminate\\Foundation\\Application.php(1168): Illuminate\\Foundation\\Http\\Kernel->handle(Object(Illuminate\\Http\\Request))
#53 D:\\File Kuliah\\KULIAH SEMESTER 8\\Pemrograman Framework\\Week 4\\Week 4\\praktikum_week4\\public\\index.php(17): Illuminate\\Foundation\\Application->handleRequest(Object(Illuminate\\Http\\Request))
#54 D:\\File Kuliah\\KULIAH SEMESTER 8\\Pemrograman Framework\\Week 4\\Week 4\\praktikum_week4\\vendor\\laravel\\framework\\src\\Illuminate\\Foundation\\resources\\server.php(16): require_once('D:\\\\File Kuliah\\\\...')
#55 {main}
"} 
[2024-03-17 15:50:36] local.ERROR: View [bootsrap] not found. {"exception":"[object] (InvalidArgumentException(code: 0): View [bootsrap] not found. at D:\\File Kuliah\\KULIAH SEMESTER 8\\Pemrograman Framework\\Week 4\\Week 4\\praktikum_week4\\vendor\\laravel\\framework\\src\\Illuminate\\View\\FileViewFinder.php:137)
[stacktrace]
#0 D:\\File Kuliah\\KULIAH SEMESTER 8\\Pemrograman Framework\\Week 4\\Week 4\\praktikum_week4\\vendor\\laravel\\framework\\src\\Illuminate\\View\\FileViewFinder.php(79): Illuminate\\View\\FileViewFinder->findInPaths('bootsrap', Array)
#1 D:\\File Kuliah\\KULIAH SEMESTER 8\\Pemrograman Framework\\Week 4\\Week 4\\praktikum_week4\\vendor\\laravel\\framework\\src\\Illuminate\\View\\Factory.php(137): Illuminate\\View\\FileViewFinder->find('bootsrap')
#2 D:\\File Kuliah\\KULIAH SEMESTER 8\\Pemrograman Framework\\Week 4\\Week 4\\praktikum_week4\\vendor\\laravel\\framework\\src\\Illuminate\\Foundation\\helpers.php(1020): Illuminate\\View\\Factory->make('bootsrap', Array, Array)
#3 D:\\File Kuliah\\KULIAH SEMESTER 8\\Pemrograman Framework\\Week 4\\Week 4\\praktikum_week4\\routes\\web.php(68): view('bootsrap')
#4 D:\\File Kuliah\\KULIAH SEMESTER 8\\Pemrograman Framework\\Week 4\\Week 4\\praktikum_week4\\vendor\\laravel\\framework\\src\\Illuminate\\Routing\\CallableDispatcher.php(40): Illuminate\\Routing\\RouteFileRegistrar->{closure}()
#5 D:\\File Kuliah\\KULIAH SEMESTER 8\\Pemrograman Framework\\Week 4\\Week 4\\praktikum_week4\\vendor\\laravel\\framework\\src\\Illuminate\\Routing\\Route.php(238): Illuminate\\Routing\\CallableDispatcher->dispatch(Object(Illuminate\\Routing\\Route), Object(Closure))
#6 D:\\File Kuliah\\KULIAH SEMESTER 8\\Pemrograman Framework\\Week 4\\Week 4\\praktikum_week4\\vendor\\laravel\\framework\\src\\Illuminate\\Routing\\Route.php(209): Illuminate\\Routing\\Route->runCallable()
#7 D:\\File Kuliah\\KULIAH SEMESTER 8\\Pemrograman Framework\\Week 4\\Week 4\\praktikum_week4\\vendor\\laravel\\framework\\src\\Illuminate\\Routing\\Router.php(806): Illuminate\\Routing\\Route->run()
#8 D:\\File Kuliah\\KULIAH SEMESTER 8\\Pemrograman Framework\\Week 4\\Week 4\\praktikum_week4\\vendor\\laravel\\framework\\src\\Illuminate\\Pipeline\\Pipeline.php(144): Illuminate\\Routing\\Router->Illuminate\\Routing\\{closure}(Object(Illuminate\\Http\\Request))
#9 D:\\File Kuliah\\KULIAH SEMESTER 8\\Pemrograman Framework\\Week 4\\Week 4\\praktikum_week4\\vendor\\laravel\\framework\\src\\Illuminate\\Routing\\Middleware\\SubstituteBindings.php(50): Illuminate\\Pipeline\\Pipeline->Illuminate\\Pipeline\\{closure}(Object(Illuminate\\Http\\Request))
#10 D:\\File Kuliah\\KULIAH SEMESTER 8\\Pemrograman Framework\\Week 4\\Week 4\\praktikum_week4\\vendor\\laravel\\framework\\src\\Illuminate\\Pipeline\\Pipeline.php(183): Illuminate\\Routing\\Middleware\\SubstituteBindings->handle(Object(Illuminate\\Http\\Request), Object(Closure))
#11 D:\\File Kuliah\\KULIAH SEMESTER 8\\Pemrograman Framework\\Week 4\\Week 4\\praktikum_week4\\vendor\\laravel\\framework\\src\\Illuminate\\Foundation\\Http\\Middleware\\VerifyCsrfToken.php(81): Illuminate\\Pipeline\\Pipeline->Illuminate\\Pipeline\\{closure}(Object(Illuminate\\Http\\Request))
#12 D:\\File Kuliah\\KULIAH SEMESTER 8\\Pemrograman Framework\\Week 4\\Week 4\\praktikum_week4\\vendor\\laravel\\framework\\src\\Illuminate\\Pipeline\\Pipeline.php(183): Illuminate\\Foundation\\Http\\Middleware\\VerifyCsrfToken->handle(Object(Illuminate\\Http\\Request), Object(Closure))
#13 D:\\File Kuliah\\KULIAH SEMESTER 8\\Pemrograman Framework\\Week 4\\Week 4\\praktikum_week4\\vendor\\laravel\\framework\\src\\Illuminate\\View\\Middleware\\ShareErrorsFromSession.php(49): Illuminate\\Pipeline\\Pipeline->Illuminate\\Pipeline\\{closure}(Object(Illuminate\\Http\\Request))
#14 D:\\File Kuliah\\KULIAH SEMESTER 8\\Pemrograman Framework\\Week 4\\Week 4\\praktikum_week4\\vendor\\laravel\\framework\\src\\Illuminate\\Pipeline\\Pipeline.php(183): Illuminate\\View\\Middleware\\ShareErrorsFromSession->handle(Object(Illuminate\\Http\\Request), Object(Closure))
#15 D:\\File Kuliah\\KULIAH SEMESTER 8\\Pemrograman Framework\\Week 4\\Week 4\\praktikum_week4\\vendor\\laravel\\framework\\src\\Illuminate\\Session\\Middleware\\StartSession.php(121): Illuminate\\Pipeline\\Pipeline->Illuminate\\Pipeline\\{closure}(Object(Illuminate\\Http\\Request))
#16 D:\\File Kuliah\\KULIAH SEMESTER 8\\Pemrograman Framework\\Week 4\\Week 4\\praktikum_week4\\vendor\\laravel\\framework\\src\\Illuminate\\Session\\Middleware\\StartSession.php(64): Illuminate\\Session\\Middleware\\StartSession->handleStatefulRequest(Object(Illuminate\\Http\\Request), Object(Illuminate\\Session\\Store), Object(Closure))
#17 D:\\File Kuliah\\KULIAH SEMESTER 8\\Pemrograman Framework\\Week 4\\Week 4\\praktikum_week4\\vendor\\laravel\\framework\\src\\Illuminate\\Pipeline\\Pipeline.php(183): Illuminate\\Session\\Middleware\\StartSession->handle(Object(Illuminate\\Http\\Request), Object(Closure))
#18 D:\\File Kuliah\\KULIAH SEMESTER 8\\Pemrograman Framework\\Week 4\\Week 4\\praktikum_week4\\vendor\\laravel\\framework\\src\\Illuminate\\Cookie\\Middleware\\AddQueuedCookiesToResponse.php(37): Illuminate\\Pipeline\\Pipeline->Illuminate\\Pipeline\\{closure}(Object(Illuminate\\Http\\Request))
#19 D:\\File Kuliah\\KULIAH SEMESTER 8\\Pemrograman Framework\\Week 4\\Week 4\\praktikum_week4\\vendor\\laravel\\framework\\src\\Illuminate\\Pipeline\\Pipeline.php(183): Illuminate\\Cookie\\Middleware\\AddQueuedCookiesToResponse->handle(Object(Illuminate\\Http\\Request), Object(Closure))
#20 D:\\File Kuliah\\KULIAH SEMESTER 8\\Pemrograman Framework\\Week 4\\Week 4\\praktikum_week4\\vendor\\laravel\\framework\\src\\Illuminate\\Cookie\\Middleware\\EncryptCookies.php(75): Illuminate\\Pipeline\\Pipeline->Illuminate\\Pipeline\\{closure}(Object(Illuminate\\Http\\Request))
#21 D:\\File Kuliah\\KULIAH SEMESTER 8\\Pemrograman Framework\\Week 4\\Week 4\\praktikum_week4\\vendor\\laravel\\framework\\src\\Illuminate\\Pipeline\\Pipeline.php(183): Illuminate\\Cookie\\Middleware\\EncryptCookies->handle(Object(Illuminate\\Http\\Request), Object(Closure))
#22 D:\\File Kuliah\\KULIAH SEMESTER 8\\Pemrograman Framework\\Week 4\\Week 4\\praktikum_week4\\vendor\\laravel\\framework\\src\\Illuminate\\Pipeline\\Pipeline.php(119): Illuminate\\Pipeline\\Pipeline->Illuminate\\Pipeline\\{closure}(Object(Illuminate\\Http\\Request))
#23 D:\\File Kuliah\\KULIAH SEMESTER 8\\Pemrograman Framework\\Week 4\\Week 4\\praktikum_week4\\vendor\\laravel\\framework\\src\\Illuminate\\Routing\\Router.php(805): Illuminate\\Pipeline\\Pipeline->then(Object(Closure))
#24 D:\\File Kuliah\\KULIAH SEMESTER 8\\Pemrograman Framework\\Week 4\\Week 4\\praktikum_week4\\vendor\\laravel\\framework\\src\\Illuminate\\Routing\\Router.php(784): Illuminate\\Routing\\Router->runRouteWithinStack(Object(Illuminate\\Routing\\Route), Object(Illuminate\\Http\\Request))
#25 D:\\File Kuliah\\KULIAH SEMESTER 8\\Pemrograman Framework\\Week 4\\Week 4\\praktikum_week4\\vendor\\laravel\\framework\\src\\Illuminate\\Routing\\Router.php(748): Illuminate\\Routing\\Router->runRoute(Object(Illuminate\\Http\\Request), Object(Illuminate\\Routing\\Route))
#26 D:\\File Kuliah\\KULIAH SEMESTER 8\\Pemrograman Framework\\Week 4\\Week 4\\praktikum_week4\\vendor\\laravel\\framework\\src\\Illuminate\\Routing\\Router.php(737): Illuminate\\Routing\\Router->dispatchToRoute(Object(Illuminate\\Http\\Request))
#27 D:\\File Kuliah\\KULIAH SEMESTER 8\\Pemrograman Framework\\Week 4\\Week 4\\praktikum_week4\\vendor\\laravel\\framework\\src\\Illuminate\\Foundation\\Http\\Kernel.php(200): Illuminate\\Routing\\Router->dispatch(Object(Illuminate\\Http\\Request))
#28 D:\\File Kuliah\\KULIAH SEMESTER 8\\Pemrograman Framework\\Week 4\\Week 4\\praktikum_week4\\vendor\\laravel\\framework\\src\\Illuminate\\Pipeline\\Pipeline.php(144): Illuminate\\Foundation\\Http\\Kernel->Illuminate\\Foundation\\Http\\{closure}(Object(Illuminate\\Http\\Request))
#29 D:\\File Kuliah\\KULIAH SEMESTER 8\\Pemrograman Framework\\Week 4\\Week 4\\praktikum_week4\\vendor\\laravel\\framework\\src\\Illuminate\\Foundation\\Http\\Middleware\\TransformsRequest.php(21): Illuminate\\Pipeline\\Pipeline->Illuminate\\Pipeline\\{closure}(Object(Illuminate\\Http\\Request))
#30 D:\\File Kuliah\\KULIAH SEMESTER 8\\Pemrograman Framework\\Week 4\\Week 4\\praktikum_week4\\vendor\\laravel\\framework\\src\\Illuminate\\Foundation\\Http\\Middleware\\ConvertEmptyStringsToNull.php(31): Illuminate\\Foundation\\Http\\Middleware\\TransformsRequest->handle(Object(Illuminate\\Http\\Request), Object(Closure))
#31 D:\\File Kuliah\\KULIAH SEMESTER 8\\Pemrograman Framework\\Week 4\\Week 4\\praktikum_week4\\vendor\\laravel\\framework\\src\\Illuminate\\Pipeline\\Pipeline.php(183): Illuminate\\Foundation\\Http\\Middleware\\ConvertEmptyStringsToNull->handle(Object(Illuminate\\Http\\Request), Object(Closure))
#32 D:\\File Kuliah\\KULIAH SEMESTER 8\\Pemrograman Framework\\Week 4\\Week 4\\praktikum_week4\\vendor\\laravel\\framework\\src\\Illuminate\\Foundation\\Http\\Middleware\\TransformsRequest.php(21): Illuminate\\Pipeline\\Pipeline->Illuminate\\Pipeline\\{closure}(Object(Illuminate\\Http\\Request))
#33 D:\\File Kuliah\\KULIAH SEMESTER 8\\Pemrograman Framework\\Week 4\\Week 4\\praktikum_week4\\vendor\\laravel\\framework\\src\\Illuminate\\Foundation\\Http\\Middleware\\TrimStrings.php(50): Illuminate\\Foundation\\Http\\Middleware\\TransformsRequest->handle(Object(Illuminate\\Http\\Request), Object(Closure))
#34 D:\\File Kuliah\\KULIAH SEMESTER 8\\Pemrograman Framework\\Week 4\\Week 4\\praktikum_week4\\vendor\\laravel\\framework\\src\\Illuminate\\Pipeline\\Pipeline.php(183): Illuminate\\Foundation\\Http\\Middleware\\TrimStrings->handle(Object(Illuminate\\Http\\Request), Object(Closure))
#35 D:\\File Kuliah\\KULIAH SEMESTER 8\\Pemrograman Framework\\Week 4\\Week 4\\praktikum_week4\\vendor\\laravel\\framework\\src\\Illuminate\\Http\\Middleware\\ValidatePostSize.php(27): Illuminate\\Pipeline\\Pipeline->Illuminate\\Pipeline\\{closure}(Object(Illuminate\\Http\\Request))
#36 D:\\File Kuliah\\KULIAH SEMESTER 8\\Pemrograman Framework\\Week 4\\Week 4\\praktikum_week4\\vendor\\laravel\\framework\\src\\Illuminate\\Pipeline\\Pipeline.php(183): Illuminate\\Http\\Middleware\\ValidatePostSize->handle(Object(Illuminate\\Http\\Request), Object(Closure))
#37 D:\\File Kuliah\\KULIAH SEMESTER 8\\Pemrograman Framework\\Week 4\\Week 4\\praktikum_week4\\vendor\\laravel\\framework\\src\\Illuminate\\Foundation\\Http\\Middleware\\PreventRequestsDuringMaintenance.php(103): Illuminate\\Pipeline\\Pipeline->Illuminate\\Pipeline\\{closure}(Object(Illuminate\\Http\\Request))
#38 D:\\File Kuliah\\KULIAH SEMESTER 8\\Pemrograman Framework\\Week 4\\Week 4\\praktikum_week4\\vendor\\laravel\\framework\\src\\Illuminate\\Pipeline\\Pipeline.php(183): Illuminate\\Foundation\\Http\\Middleware\\PreventRequestsDuringMaintenance->handle(Object(Illuminate\\Http\\Request), Object(Closure))
#39 D:\\File Kuliah\\KULIAH SEMESTER 8\\Pemrograman Framework\\Week 4\\Week 4\\praktikum_week4\\vendor\\laravel\\framework\\src\\Illuminate\\Http\\Middleware\\HandleCors.php(49): Illuminate\\Pipeline\\Pipeline->Illuminate\\Pipeline\\{closure}(Object(Illuminate\\Http\\Request))
#40 D:\\File Kuliah\\KULIAH SEMESTER 8\\Pemrograman Framework\\Week 4\\Week 4\\praktikum_week4\\vendor\\laravel\\framework\\src\\Illuminate\\Pipeline\\Pipeline.php(183): Illuminate\\Http\\Middleware\\HandleCors->handle(Object(Illuminate\\Http\\Request), Object(Closure))
#41 D:\\File Kuliah\\KULIAH SEMESTER 8\\Pemrograman Framework\\Week 4\\Week 4\\praktikum_week4\\vendor\\laravel\\framework\\src\\Illuminate\\Http\\Middleware\\TrustProxies.php(57): Illuminate\\Pipeline\\Pipeline->Illuminate\\Pipeline\\{closure}(Object(Illuminate\\Http\\Request))
#42 D:\\File Kuliah\\KULIAH SEMESTER 8\\Pemrograman Framework\\Week 4\\Week 4\\praktikum_week4\\vendor\\laravel\\framework\\src\\Illuminate\\Pipeline\\Pipeline.php(183): Illuminate\\Http\\Middleware\\TrustProxies->handle(Object(Illuminate\\Http\\Request), Object(Closure))
#43 D:\\File Kuliah\\KULIAH SEMESTER 8\\Pemrograman Framework\\Week 4\\Week 4\\praktikum_week4\\vendor\\laravel\\framework\\src\\Illuminate\\Pipeline\\Pipeline.php(119): Illuminate\\Pipeline\\Pipeline->Illuminate\\Pipeline\\{closure}(Object(Illuminate\\Http\\Request))
#44 D:\\File Kuliah\\KULIAH SEMESTER 8\\Pemrograman Framework\\Week 4\\Week 4\\praktikum_week4\\vendor\\laravel\\framework\\src\\Illuminate\\Foundation\\Http\\Kernel.php(175): Illuminate\\Pipeline\\Pipeline->then(Object(Closure))
#45 D:\\File Kuliah\\KULIAH SEMESTER 8\\Pemrograman Framework\\Week 4\\Week 4\\praktikum_week4\\vendor\\laravel\\framework\\src\\Illuminate\\Foundation\\Http\\Kernel.php(144): Illuminate\\Foundation\\Http\\Kernel->sendRequestThroughRouter(Object(Illuminate\\Http\\Request))
#46 D:\\File Kuliah\\KULIAH SEMESTER 8\\Pemrograman Framework\\Week 4\\Week 4\\praktikum_week4\\vendor\\laravel\\framework\\src\\Illuminate\\Foundation\\Application.php(1168): Illuminate\\Foundation\\Http\\Kernel->handle(Object(Illuminate\\Http\\Request))
#47 D:\\File Kuliah\\KULIAH SEMESTER 8\\Pemrograman Framework\\Week 4\\Week 4\\praktikum_week4\\public\\index.php(17): Illuminate\\Foundation\\Application->handleRequest(Object(Illuminate\\Http\\Request))
#48 D:\\File Kuliah\\KULIAH SEMESTER 8\\Pemrograman Framework\\Week 4\\Week 4\\praktikum_week4\\vendor\\laravel\\framework\\src\\Illuminate\\Foundation\\resources\\server.php(16): require_once('D:\\\\File Kuliah\\\\...')
#49 {main}
"} 
